0 info it worked if it ends with ok
1 verbose cli [ 'node',
1 verbose cli   'C:\\Users\\tlarssen\\AppData\\Roaming\\npm\\node_modules\\npm\\bin\\npm-cli.js',
1 verbose cli   'i',
1 verbose cli   '-g',
1 verbose cli   'karma-cli' ]
2 info using npm@2.0.0
3 info using node@v0.10.32
4 verbose cache add [ 'karma-cli', null ]
5 verbose cache add spec="karma-cli" args=["karma-cli",null]
6 verbose parsed spec { raw: 'karma-cli',
6 verbose parsed spec   scope: null,
6 verbose parsed spec   name: 'karma-cli',
6 verbose parsed spec   rawSpec: '',
6 verbose parsed spec   spec: '*',
6 verbose parsed spec   type: 'range' }
7 verbose parsed spec { raw: 'karma-cli',
7 verbose parsed spec   scope: null,
7 verbose parsed spec   name: 'karma-cli',
7 verbose parsed spec   rawSpec: '',
7 verbose parsed spec   spec: '*',
7 verbose parsed spec   type: 'range' }
8 verbose addNamed [ 'karma-cli', '*' ]
9 verbose addNamed [ null, '*' ]
10 silly lockFile 718a5476-karma-cli karma-cli@*
11 verbose lock karma-cli@* C:\Users\tlarssen\AppData\Roaming\npm-cache\718a5476-karma-cli.lock
12 silly addNameRange { name: 'karma-cli', range: '*', hasData: false }
13 verbose mapToRegistry name karma-cli
14 verbose mapToRegistry uri https://registry.npmjs.org/karma-cli
15 verbose request on initialization, where is /karma-cli
16 verbose request after pass 1, where is /karma-cli
17 verbose request url raw /karma-cli
18 verbose request resolving registry [ 'https://registry.npmjs.org/', './karma-cli' ]
19 verbose request after pass 2, where is https://registry.npmjs.org/karma-cli
20 verbose request no auth needed
21 info attempt registry request try #1 at 11:22:23
22 verbose request id de4e4ddbf0cefc99
23 http request GET https://registry.npmjs.org/karma-cli
24 http 200 https://registry.npmjs.org/karma-cli
25 silly registry.get cb [ 200,
25 silly registry.get   { date: 'Tue, 24 Mar 2015 15:22:24 GMT',
25 silly registry.get     server: 'CouchDB/1.5.0 (Erlang OTP/R16B03)',
25 silly registry.get     etag: '"2MUL3QTCNLCIC861L5ENX5IQI"',
25 silly registry.get     'content-type': 'application/json',
25 silly registry.get     'cache-control': 'max-age=60',
25 silly registry.get     'content-length': '5965',
25 silly registry.get     'accept-ranges': 'bytes',
25 silly registry.get     via: '1.1 varnish',
25 silly registry.get     age: '52',
25 silly registry.get     'x-served-by': 'cache-iad2126-IAD',
25 silly registry.get     'x-cache': 'HIT',
25 silly registry.get     'x-cache-hits': '1',
25 silly registry.get     'x-timer': 'S1427210544.556916,VS0,VE0',
25 silly registry.get     vary: 'Accept',
25 silly registry.get     'keep-alive': 'timeout=10, max=50',
25 silly registry.get     connection: 'Keep-Alive' } ]
26 silly addNameRange number 2 { name: 'karma-cli', range: '*', hasData: true }
27 silly addNameRange versions [ 'karma-cli', [ '0.0.1', '0.0.2', '0.0.3', '0.0.4' ] ]
28 verbose addNamed [ 'karma-cli', '0.0.4' ]
29 verbose addNamed [ '0.0.4', '0.0.4' ]
30 silly lockFile 0ef08b95-karma-cli-0-0-4 karma-cli@0.0.4
31 verbose lock karma-cli@0.0.4 C:\Users\tlarssen\AppData\Roaming\npm-cache\0ef08b95-karma-cli-0-0-4.lock
32 silly lockFile ad31c554-rg-karma-cli-karma-cli-0-0-4-tgz https://registry.npmjs.org/karma-cli/-/karma-cli-0.0.4.tgz
33 verbose lock https://registry.npmjs.org/karma-cli/-/karma-cli-0.0.4.tgz C:\Users\tlarssen\AppData\Roaming\npm-cache\ad31c554-rg-karma-cli-karma-cli-0-0-4-tgz.lock
34 verbose addRemoteTarball [ 'https://registry.npmjs.org/karma-cli/-/karma-cli-0.0.4.tgz',
34 verbose addRemoteTarball   '1840a6a2545754bb02100f09229cdd9963a6cf68' ]
35 info retry fetch attempt 1 at 11:22:24
36 info attempt registry request try #1 at 11:22:24
37 http fetch GET https://registry.npmjs.org/karma-cli/-/karma-cli-0.0.4.tgz
38 http fetch 200 https://registry.npmjs.org/karma-cli/-/karma-cli-0.0.4.tgz
39 silly fetchAndShaCheck shasum 1840a6a2545754bb02100f09229cdd9963a6cf68
40 silly lockFile ad31c554-rg-karma-cli-karma-cli-0-0-4-tgz https://registry.npmjs.org/karma-cli/-/karma-cli-0.0.4.tgz
41 silly lockFile ad31c554-rg-karma-cli-karma-cli-0-0-4-tgz https://registry.npmjs.org/karma-cli/-/karma-cli-0.0.4.tgz
42 silly lockFile 0ef08b95-karma-cli-0-0-4 karma-cli@0.0.4
43 silly lockFile 0ef08b95-karma-cli-0-0-4 karma-cli@0.0.4
44 silly lockFile 718a5476-karma-cli karma-cli@*
45 silly lockFile 718a5476-karma-cli karma-cli@*
46 silly resolved [ { name: 'karma-cli',
46 silly resolved     description: 'The Karma command line interface.',
46 silly resolved     homepage: 'http://karma-runner.github.io/',
46 silly resolved     repository:
46 silly resolved      { type: 'git',
46 silly resolved        url: 'git://github.com/karma-runner/karma-cli.git' },
46 silly resolved     bugs: { url: 'https://github.com/karma-runner/karma-cli/issues' },
46 silly resolved     keywords:
46 silly resolved      [ 'karma',
46 silly resolved        'spectacular',
46 silly resolved        'runner',
46 silly resolved        'karma',
46 silly resolved        'js',
46 silly resolved        'javascript',
46 silly resolved        'testing',
46 silly resolved        'test',
46 silly resolved        'remote',
46 silly resolved        'execution' ],
46 silly resolved     author: { name: 'Vojta Jína', email: 'vojta.jina@gmail.com' },
46 silly resolved     contributors: [ [Object] ],
46 silly resolved     dependencies: { resolve: '~0.5.1' },
46 silly resolved     peerDependencies: {},
46 silly resolved     devDependencies:
46 silly resolved      { grunt: '~0.4.1',
46 silly resolved        'grunt-contrib-jshint': '~0.7.2',
46 silly resolved        'grunt-coffeelint': '0.0.7',
46 silly resolved        'grunt-bump': '0.0.11',
46 silly resolved        'grunt-npm': '0.0.2',
46 silly resolved        'grunt-auto-release': '0.0.4',
46 silly resolved        'grunt-conventional-changelog': '~1.0.0' },
46 silly resolved     preferGlobal: true,
46 silly resolved     bin: { karma: './bin/karma' },
46 silly resolved     engines: { node: '~0.8 || ~0.10' },
46 silly resolved     version: '0.0.4',
46 silly resolved     _id: 'karma-cli@0.0.4',
46 silly resolved     dist:
46 silly resolved      { shasum: '1840a6a2545754bb02100f09229cdd9963a6cf68',
46 silly resolved        tarball: 'http://registry.npmjs.org/karma-cli/-/karma-cli-0.0.4.tgz' },
46 silly resolved     _from: 'karma-cli@*',
46 silly resolved     _npmVersion: '1.3.21',
46 silly resolved     _npmUser: { name: 'vojtajina', email: 'vojta.jina@gmail.com' },
46 silly resolved     maintainers: [ [Object] ],
46 silly resolved     directories: {},
46 silly resolved     _shasum: '1840a6a2545754bb02100f09229cdd9963a6cf68',
46 silly resolved     _resolved: 'https://registry.npmjs.org/karma-cli/-/karma-cli-0.0.4.tgz' } ]
47 info install karma-cli@0.0.4 into C:\Program Files (x86)\nodejs
48 info installOne karma-cli@0.0.4
49 verbose node_modules\karma-cli unbuild
50 verbose gentlyRm vacuuming C:\Program Files (x86)\nodejs\node_modules\karma-cli
51 verbose tar unpack C:\Users\tlarssen\AppData\Roaming\npm-cache\karma-cli\0.0.4\package.tgz
52 silly lockFile cbdad9aa-86-nodejs-node-modules-karma-cli tar://C:\Program Files (x86)\nodejs\node_modules\karma-cli
53 verbose lock tar://C:\Program Files (x86)\nodejs\node_modules\karma-cli C:\Users\tlarssen\AppData\Roaming\npm-cache\cbdad9aa-86-nodejs-node-modules-karma-cli.lock
54 silly lockFile 25aec3ac-ache-karma-cli-0-0-4-package-tgz tar://C:\Users\tlarssen\AppData\Roaming\npm-cache\karma-cli\0.0.4\package.tgz
55 verbose lock tar://C:\Users\tlarssen\AppData\Roaming\npm-cache\karma-cli\0.0.4\package.tgz C:\Users\tlarssen\AppData\Roaming\npm-cache\25aec3ac-ache-karma-cli-0-0-4-package-tgz.lock
56 verbose gentlyRm vacuuming C:\Program Files (x86)\nodejs\node_modules\karma-cli
57 silly gunzTarPerm modes [ '777', '666' ]
58 verbose fstream_path C:\Program Files (x86)\nodejs\node_modules\karma-cli
59 verbose fstream_type Directory
60 verbose fstream_class DirWriter
61 verbose stack Error: EPERM, mkdir 'C:\Program Files (x86)\nodejs\node_modules\karma-cli'
62 verbose fstream_stack C:\Users\tlarssen\AppData\Roaming\npm\node_modules\npm\node_modules\fstream\lib\dir-writer.js:36:23
62 verbose fstream_stack C:\Users\tlarssen\AppData\Roaming\npm\node_modules\npm\node_modules\mkdirp\index.js:46:53
62 verbose fstream_stack Object.oncomplete (fs.js:107:15)
63 verbose cwd C:\xampp\htdocs\javascriptUnitTest
64 error Windows_NT 6.2.9200
65 error argv "node" "C:\\Users\\tlarssen\\AppData\\Roaming\\npm\\node_modules\\npm\\bin\\npm-cli.js" "i" "-g" "karma-cli"
66 error node v0.10.32
67 error npm  v2.0.0
68 error path C:\Program Files (x86)\nodejs\node_modules\karma-cli
69 error code EPERM
70 error errno 50
71 error Error: EPERM, mkdir 'C:\Program Files (x86)\nodejs\node_modules\karma-cli'
71 error  { [Error: EPERM, mkdir 'C:\Program Files (x86)\nodejs\node_modules\karma-cli']
71 error   errno: 50,
71 error   code: 'EPERM',
71 error   path: 'C:\\Program Files (x86)\\nodejs\\node_modules\\karma-cli',
71 error   fstream_type: 'Directory',
71 error   fstream_path: 'C:\\Program Files (x86)\\nodejs\\node_modules\\karma-cli',
71 error   fstream_class: 'DirWriter',
71 error   fstream_stack:
71 error    [ 'C:\\Users\\tlarssen\\AppData\\Roaming\\npm\\node_modules\\npm\\node_modules\\fstream\\lib\\dir-writer.js:36:23',
71 error      'C:\\Users\\tlarssen\\AppData\\Roaming\\npm\\node_modules\\npm\\node_modules\\mkdirp\\index.js:46:53',
71 error      'Object.oncomplete (fs.js:107:15)' ] }
72 error Please try running this command again as root/Administrator.
73 verbose exit [ 50, true ]
